 Starting mySurf
 ======================================
  mySurf input was...                  
  job    :  0 - basic MD from coord.dat
  ndim   :           2
  tmax   :   100.00000000000000       s
  dt     :   1.0000000000000000E-003  s
  tsteps :      100000
  mem    :                  100  MB
 MD_start : called
 R0 is   0.0000000000000000        2.0000000000000000     
 MD_run : called
 MD_run : starting memory analysis
 MD_run : Holding everything in memory
 MD_incore : Starting simulation
 WARNING -- assuming mass is 1
 input_cHO : reading from k.in and l.in
 k vector was
   1.0000000000000000     
  0.50000000000000000     
 l matrix is
   0.0000000000000000       0.50000000000000000     
  0.50000000000000000        0.0000000000000000     
 Matrix is sym:  T

 Renormalized Frequencies
  0.43701602444882109        1.1441228056353685     

 Renormalized coordinate matrix
 -0.52573111211913348       0.85065080835203988     
  0.85065080835203988       0.52573111211913348     
 Initial energy is   1.0000000000000000     
 MD_incore : simulation finished in   0.12220299999999999      (s)
 Writing output to R.dat, E.dat

 mySurf finished with status           0  in    1.7996670000000001       (s)
