 Starting mySurf
 ======================================
  mySurf input was...                  
  job    :  0 - basic MD from coord.dat
  ndim   :           3
  tmax   :   100.00000000000000       s
  dt     :   1.0000000000000000E-003  s
  tsteps :      100000
  mem    :                  100  MB
 MD_start : called
 R0 is   2.0000000000000000        0.0000000000000000        0.0000000000000000     
 MD_run : called
 MD_run : starting memory analysis
 MD_run : Holding everything in memory
 MD_incore : Starting simulation
 WARNING -- assuming mass is 1
 input_cHO : reading from k.in and l.in
 k vector was
   1.0000000000000000     
   1.0000000000000000     
   1.0000000000000000     
 l matrix is
   0.0000000000000000       0.50000000000000000       0.50000000000000000     
  0.50000000000000000        0.0000000000000000       0.50000000000000000     
  0.50000000000000000       0.50000000000000000        0.0000000000000000     
 Matrix is sym:  T

 Renormalized Frequencies
  0.70710678118654724       0.70710678118654757        1.4142135623730949     

 Renormalized coordinate matrix
  0.81649658092772581       -0.0000000000000000       0.57735026918962606     
 -0.40824829046386307       0.70710678118654746       0.57735026918962540     
 -0.40824829046386318      -0.70710678118654746       0.57735026918962551     
 MD_incore : simulation finished in   0.11282399999999999      (s)
 Writing output to R.dat, E.dat

 mySurf finished with status           0  in    1.6139209999999999       (s)
