

*******************************************************************************
Sun Jul 14 14:13:07 2019


FIT:    data read from 'nco.dat'
        format = z
        #datapoints = 100000
        residuals are weighted equally (unit weight)

function used for fitting: f(x)
	f(x) = A*cos(w*t)
BREAK: Need via and either parameter list or file

*******************************************************************************
Sun Jul 14 14:13:12 2019


FIT:    data read from 'nco.dat'
        format = z
        #datapoints = 100000
        residuals are weighted equally (unit weight)

function used for fitting: f(x)
	f(x) = A*cos(w*t)
fitted parameters initialized with current variable values



*******************************************************************************
Sun Jul 14 14:13:21 2019


FIT:    data read from 'nco.dat'
        format = z
        #datapoints = 100000
        residuals are weighted equally (unit weight)

function used for fitting: f(x)
	f(x) = A*cos(w*x)
fitted parameters initialized with current variable values

iter      chisq       delta/lim  lambda   A             w            
   0 6.3470996180e+04   0.00e+00  2.90e+01    1.000000e+00   1.000000e+00
   7 1.2479175612e+04  -5.19e-03  2.90e+02   -1.782741e-02   9.424482e-01

After 7 iterations the fit converged.
final sum of squares of residuals : 12479.2
rel. change during last iteration : -5.19037e-08

degrees of freedom    (FIT_NDF)                        : 99998
rms of residuals      (FIT_STDFIT) = sqrt(WSSR/ndf)    : 0.353262
variance of residuals (reduced chisquare) = WSSR/ndf   : 0.124794

Final set of parameters            Asymptotic Standard Error
=======================            ==========================
A               = -0.0178274       +/- 0.00158      (8.863%)
w               = 0.942448         +/- 0.001537     (0.1631%)

correlation matrix of the fit parameters:
                A      w      
A               1.000 
w              -0.018  1.000 


*******************************************************************************
Sun Jul 14 14:13:49 2019


FIT:    data read from 'nco.dat' u 1:2
        format = x:z
        #datapoints = 100000
        residuals are weighted equally (unit weight)

function used for fitting: f(x)
	f(x) = A*cos(w*x)
fitted parameters initialized with current variable values

iter      chisq       delta/lim  lambda   A             w            
   0 1.2479175612e+04   0.00e+00  4.85e-01   -1.782741e-02   9.424482e-01
   1 1.2479171447e+04  -3.34e-02  4.85e+01   -1.782744e-02   9.421968e-01

After 1 iterations the fit converged.
final sum of squares of residuals : 12479.2
rel. change during last iteration : -3.33776e-07

degrees of freedom    (FIT_NDF)                        : 99998
rms of residuals      (FIT_STDFIT) = sqrt(WSSR/ndf)    : 0.353262
variance of residuals (reduced chisquare) = WSSR/ndf   : 0.124794

Final set of parameters            Asymptotic Standard Error
=======================            ==========================
A               = -0.0178274       +/- 0.00158      (8.865%)
w               = 0.942197         +/- 0.001536     (0.163%)

correlation matrix of the fit parameters:
                A      w      
A               1.000 
w              -0.018  1.000 


*******************************************************************************
Sun Jul 14 14:14:16 2019


FIT:    data read from 'nco.dat' u 1:2
        format = x:z
        #datapoints = 100000
        residuals are weighted equally (unit weight)

function used for fitting: f(x)
	f(x) = A*cos(w*x)
fitted parameters initialized with current variable values

iter      chisq       delta/lim  lambda   A             w            
   0 2.5003035800e+04   0.00e+00  1.54e+02    5.000000e-01   1.100000e+01
   4 1.2495734579e+04  -4.89e-04  1.54e+00   -4.911885e-05   1.100152e+01

After 4 iterations the fit converged.
final sum of squares of residuals : 12495.7
rel. change during last iteration : -4.8894e-09

degrees of freedom    (FIT_NDF)                        : 99998
rms of residuals      (FIT_STDFIT) = sqrt(WSSR/ndf)    : 0.353497
variance of residuals (reduced chisquare) = WSSR/ndf   : 0.12496

Final set of parameters            Asymptotic Standard Error
=======================            ==========================
A               = -4.91188e-05     +/- 0.001661     (3383%)
w               = 11.0015          +/- 0.6043       (5.493%)

correlation matrix of the fit parameters:
                A      w      
A               1.000 
w              -0.308  1.000 
