 Starting mySurf
 ======================================
  mySurf input was...                  
  job    :  0 - basic MD from coord.dat
  ndim   :           2
  tmax   :   100.00000000000000       s
  dt     :   1.0000000000000000E-003  s
  tsteps :      100000
  mem    :                  100  MB
 MD_start : called
 R0 is   2.0000000000000000        0.0000000000000000     
 MD_run : called
 MD_run : starting memory analysis
 MD_run : Holding everything in memory
 MD_incore : Starting simulation
 WARNING -- assuming mass is 1
 input_cHO : reading from k.in and l.in
 k vector was
   1.0000000000000000     
   1.0000000000000000     
 l matrix is
   0.0000000000000000       0.50000000000000000     
  0.50000000000000000        0.0000000000000000     
 Matrix is sym:  T

 Renormalized Frequencies
  0.70710678118654757        1.2247448713915889     

 Renormalized coordinate matrix
  0.70710678118654746       0.70710678118654746     
 -0.70710678118654746       0.70710678118654746     
 MD_incore : simulation finished in    9.6840999999999983E-002 (s)
 Writing output to R.dat, E.dat

 mySurf finished with status           0  in    1.3426380000000000       (s)
